Build started 21/01/2012 23:03:26.
     1>Project "C:\msys\1.0\ioq3-for-UrbanTerror-4\code\win32\msvc\cgame.vcxproj" on node 3 (build target(s)).
     1>InitializeBuildStatus:
         Creating ".\build\cgame_debug_ta\cgame.unsuccessfulbuild" because "AlwaysCreate" was specified.
       ClCompile:
         C:\Program Files\Microsoft Visual Studio 10.0\VC\bin\CL.exe /c /ZI /nologo /W3 /WX- /Od /Oy- /D WIN32 /D _DEBUG /D _WINDOWS /D MISSIONPACK /Gm- /EHsc /MTd /GS /fp:precise /Zc:wchar_t /Zc:forScope /Fo".\build\cgame_debug_ta\\" /Fd".\build\cgame_debug_ta\vc100.pdb" /FR".\build\cgame_debug_ta\\" /Gd /TC /analyze- /errorReport:prompt ..\..\game\bg_misc.c ..\..\game\bg_pmove.c ..\..\game\bg_slidemove.c ..\..\cgame\cg_consolecmds.c ..\..\cgame\cg_draw.c ..\..\cgame\cg_drawtools.c ..\..\cgame\cg_effects.c ..\..\cgame\cg_ents.c ..\..\cgame\cg_event.c ..\..\cgame\cg_info.c ..\..\cgame\cg_localents.c ..\..\cgame\cg_main.c ..\..\cgame\cg_marks.c ..\..\cgame\cg_newDraw.c ..\..\cgame\cg_players.c ..\..\cgame\cg_playerstate.c ..\..\cgame\cg_predict.c ..\..\cgame\cg_scoreboard.c ..\..\cgame\cg_servercmds.c ..\..\cgame\cg_snapshot.c ..\..\cgame\cg_syscalls.c ..\..\cgame\cg_view.c ..\..\cgame\cg_weapons.c ..\..\ui\ui_shared.c
         bg_misc.c
         bg_pmove.c
         bg_slidemove.c
         cg_consolecmds.c
         cg_draw.c
         cg_drawtools.c
         cg_effects.c
         cg_ents.c
         cg_event.c
     1>c:\msys\1.0\ioq3-for-urbanterror-4\code\cgame\cg_event.c(115): warning C4996: 'strcat': This function or variable may be unsafe. Consider using strcat_s instead. To disable deprecation, use _CRT_SECURE_NO_WARNINGS. See online help for details.
                 c:\program files\microsoft visual studio 10.0\vc\include\string.h(110) : see declaration of 'strcat'
     1>c:\msys\1.0\ioq3-for-urbanterror-4\code\cgame\cg_event.c(238): warning C4996: 'strcpy': This function or variable may be unsafe. Consider using strcpy_s instead. To disable deprecation, use _CRT_SECURE_NO_WARNINGS. See online help for details.
                 c:\program files\microsoft visual studio 10.0\vc\include\string.h(105) : see declaration of 'strcpy'
     1>c:\msys\1.0\ioq3-for-urbanterror-4\code\cgame\cg_event.c(241): warning C4996: 'strcat': This function or variable may be unsafe. Consider using strcat_s instead. To disable deprecation, use _CRT_SECURE_NO_WARNINGS. See online help for details.
                 c:\program files\microsoft visual studio 10.0\vc\include\string.h(110) : see declaration of 'strcat'
         cg_info.c
         cg_localents.c
         cg_main.c
     1>c:\msys\1.0\ioq3-for-urbanterror-4\code\cgame\cg_main.c(422): warning C4996: 'vsprintf': This function or variable may be unsafe. Consider using vsprintf_s instead. To disable deprecation, use _CRT_SECURE_NO_WARNINGS. See online help for details.
                 c:\program files\microsoft visual studio 10.0\vc\include\stdio.h(371) : see declaration of 'vsprintf'
     1>c:\msys\1.0\ioq3-for-urbanterror-4\code\cgame\cg_main.c(433): warning C4996: 'vsprintf': This function or variable may be unsafe. Consider using vsprintf_s instead. To disable deprecation, use _CRT_SECURE_NO_WARNINGS. See online help for details.
                 c:\program files\microsoft visual studio 10.0\vc\include\stdio.h(371) : see declaration of 'vsprintf'
     1>c:\msys\1.0\ioq3-for-urbanterror-4\code\cgame\cg_main.c(444): warning C4996: 'vsprintf': This function or variable may be unsafe. Consider using vsprintf_s instead. To disable deprecation, use _CRT_SECURE_NO_WARNINGS. See online help for details.
                 c:\program files\microsoft visual studio 10.0\vc\include\stdio.h(371) : see declaration of 'vsprintf'
     1>c:\msys\1.0\ioq3-for-urbanterror-4\code\cgame\cg_main.c(455): warning C4996: 'vsprintf': This function or variable may be unsafe. Consider using vsprintf_s instead. To disable deprecation, use _CRT_SECURE_NO_WARNINGS. See online help for details.
                 c:\program files\microsoft visual studio 10.0\vc\include\stdio.h(371) : see declaration of 'vsprintf'
         cg_marks.c
         cg_newDraw.c
     1>c:\msys\1.0\ioq3-for-urbanterror-4\code\cgame\cg_newdraw.c(51): warning C4996: 'strcpy': This function or variable may be unsafe. Consider using strcpy_s instead. To disable deprecation, use _CRT_SECURE_NO_WARNINGS. See online help for details.
                 c:\program files\microsoft visual studio 10.0\vc\include\string.h(105) : see declaration of 'strcpy'
     1>c:\msys\1.0\ioq3-for-urbanterror-4\code\cgame\cg_newdraw.c(53): warning C4996: 'strcpy': This function or variable may be unsafe. Consider using strcpy_s instead. To disable deprecation, use _CRT_SECURE_NO_WARNINGS. See online help for details.
                 c:\program files\microsoft visual studio 10.0\vc\include\string.h(105) : see declaration of 'strcpy'
     1>c:\msys\1.0\ioq3-for-urbanterror-4\code\cgame\cg_newdraw.c(54): warning C4996: 'strcpy': This function or variable may be unsafe. Consider using strcpy_s instead. To disable deprecation, use _CRT_SECURE_NO_WARNINGS. See online help for details.
                 c:\program files\microsoft visual studio 10.0\vc\include\string.h(105) : see declaration of 'strcpy'
         cg_players.c
     1>c:\msys\1.0\ioq3-for-urbanterror-4\code\cgame\cg_players.c(668): warning C4996: 'strcat': This function or variable may be unsafe. Consider using strcat_s instead. To disable deprecation, use _CRT_SECURE_NO_WARNINGS. See online help for details.
                 c:\program files\microsoft visual studio 10.0\vc\include\string.h(110) : see declaration of 'strcat'
         cg_playerstate.c
         cg_predict.c
         cg_scoreboard.c
         cg_servercmds.c
     1>c:\msys\1.0\ioq3-for-urbanterror-4\code\cgame\cg_servercmds.c(238): warning C4996: 'strncpy': This function or variable may be unsafe. Consider using strncpy_s instead. To disable deprecation, use _CRT_SECURE_NO_WARNINGS. See online help for details.
                 c:\program files\microsoft visual studio 10.0\vc\include\string.h(188) : see declaration of 'strncpy'
     1>c:\msys\1.0\ioq3-for-urbanterror-4\code\cgame\cg_servercmds.c(243): warning C4996: 'strncpy': This function or variable may be unsafe. Consider using strncpy_s instead. To disable deprecation, use _CRT_SECURE_NO_WARNINGS. See online help for details.
                 c:\program files\microsoft visual studio 10.0\vc\include\string.h(188) : see declaration of 'strncpy'
     1>c:\msys\1.0\ioq3-for-urbanterror-4\code\cgame\cg_servercmds.c(251): warning C4996: 'strncpy': This function or variable may be unsafe. Consider using strncpy_s instead. To disable deprecation, use _CRT_SECURE_NO_WARNINGS. See online help for details.
                 c:\program files\microsoft visual studio 10.0\vc\include\string.h(188) : see declaration of 'strncpy'
         cg_snapshot.c
         Generating Code...
         Compiling...
         cg_syscalls.c
         cg_view.c
         cg_weapons.c
     1>c:\msys\1.0\ioq3-for-urbanterror-4\code\cgame\cg_weapons.c(658): warning C4996: 'strcpy': This function or variable may be unsafe. Consider using strcpy_s instead. To disable deprecation, use _CRT_SECURE_NO_WARNINGS. See online help for details.
                 c:\program files\microsoft visual studio 10.0\vc\include\string.h(105) : see declaration of 'strcpy'
     1>c:\msys\1.0\ioq3-for-urbanterror-4\code\cgame\cg_weapons.c(660): warning C4996: 'strcat': This function or variable may be unsafe. Consider using strcat_s instead. To disable deprecation, use _CRT_SECURE_NO_WARNINGS. See online help for details.
                 c:\program files\microsoft visual studio 10.0\vc\include\string.h(110) : see declaration of 'strcat'
     1>c:\msys\1.0\ioq3-for-urbanterror-4\code\cgame\cg_weapons.c(663): warning C4996: 'strcpy': This function or variable may be unsafe. Consider using strcpy_s instead. To disable deprecation, use _CRT_SECURE_NO_WARNINGS. See online help for details.
                 c:\program files\microsoft visual studio 10.0\vc\include\string.h(105) : see declaration of 'strcpy'
     1>c:\msys\1.0\ioq3-for-urbanterror-4\code\cgame\cg_weapons.c(665): warning C4996: 'strcat': This function or variable may be unsafe. Consider using strcat_s instead. To disable deprecation, use _CRT_SECURE_NO_WARNINGS. See online help for details.
                 c:\program files\microsoft visual studio 10.0\vc\include\string.h(110) : see declaration of 'strcat'
     1>c:\msys\1.0\ioq3-for-urbanterror-4\code\cgame\cg_weapons.c(668): warning C4996: 'strcpy': This function or variable may be unsafe. Consider using strcpy_s instead. To disable deprecation, use _CRT_SECURE_NO_WARNINGS. See online help for details.
                 c:\program files\microsoft visual studio 10.0\vc\include\string.h(105) : see declaration of 'strcpy'
     1>c:\msys\1.0\ioq3-for-urbanterror-4\code\cgame\cg_weapons.c(670): warning C4996: 'strcat': This function or variable may be unsafe. Consider using strcat_s instead. To disable deprecation, use _CRT_SECURE_NO_WARNINGS. See online help for details.
                 c:\program files\microsoft visual studio 10.0\vc\include\string.h(110) : see declaration of 'strcat'
         ui_shared.c
     1>c:\msys\1.0\ioq3-for-urbanterror-4\code\ui\ui_shared.c(190): warning C4996: 'strcpy': This function or variable may be unsafe. Consider using strcpy_s instead. To disable deprecation, use _CRT_SECURE_NO_WARNINGS. See online help for details.
                 c:\program files\microsoft visual studio 10.0\vc\include\string.h(105) : see declaration of 'strcpy'
     1>c:\msys\1.0\ioq3-for-urbanterror-4\code\ui\ui_shared.c(261): warning C4996: 'vsprintf': This function or variable may be unsafe. Consider using vsprintf_s instead. To disable deprecation, use _CRT_SECURE_NO_WARNINGS. See online help for details.
                 c:\program files\microsoft visual studio 10.0\vc\include\stdio.h(371) : see declaration of 'vsprintf'
     1>c:\msys\1.0\ioq3-for-urbanterror-4\code\ui\ui_shared.c(283): warning C4996: 'vsprintf': This function or variable may be unsafe. Consider using vsprintf_s instead. To disable deprecation, use _CRT_SECURE_NO_WARNINGS. See online help for details.
                 c:\program files\microsoft visual studio 10.0\vc\include\stdio.h(371) : see declaration of 'vsprintf'
     1>c:\msys\1.0\ioq3-for-urbanterror-4\code\ui\ui_shared.c(2941): warning C4996: 'strncpy': This function or variable may be unsafe. Consider using strncpy_s instead. To disable deprecation, use _CRT_SECURE_NO_WARNINGS. See online help for details.
                 c:\program files\microsoft visual studio 10.0\vc\include\string.h(188) : see declaration of 'strncpy'
     1>c:\msys\1.0\ioq3-for-urbanterror-4\code\ui\ui_shared.c(3370): warning C4996: 'strcat': This function or variable may be unsafe. Consider using strcat_s instead. To disable deprecation, use _CRT_SECURE_NO_WARNINGS. See online help for details.
                 c:\program files\microsoft visual studio 10.0\vc\include\string.h(110) : see declaration of 'strcat'
     1>c:\msys\1.0\ioq3-for-urbanterror-4\code\ui\ui_shared.c(3371): warning C4996: 'strcat': This function or variable may be unsafe. Consider using strcat_s instead. To disable deprecation, use _CRT_SECURE_NO_WARNINGS. See online help for details.
                 c:\program files\microsoft visual studio 10.0\vc\include\string.h(110) : see declaration of 'strcat'
     1>c:\msys\1.0\ioq3-for-urbanterror-4\code\ui\ui_shared.c(3376): warning C4996: 'strcpy': This function or variable may be unsafe. Consider using strcpy_s instead. To disable deprecation, use _CRT_SECURE_NO_WARNINGS. See online help for details.
                 c:\program files\microsoft visual studio 10.0\vc\include\string.h(105) : see declaration of 'strcpy'
         Generating Code...
         C:\Program Files\Microsoft Visual Studio 10.0\VC\bin\CL.exe /c /ZI /nologo /W3 /WX- /Od /Oy- /D WIN32 /D _DEBUG /D _WINDOWS /D MISSIONPACK /D _WINDLL /Gm- /EHsc /MTd /GS /fp:precise /Zc:wchar_t /Zc:forScope /Fo".\build\cgame_debug_ta\\" /Fd".\build\cgame_debug_ta\vc100.pdb" /FR".\build\cgame_debug_ta\\" /Gd /TC /analyze- /errorReport:prompt ..\..\qcommon\q_math.c ..\..\qcommon\q_shared.c
         q_math.c
         q_shared.c
     1>c:\msys\1.0\ioq3-for-urbanterror-4\code\qcommon\q_shared.c(298): warning C4996: 'vsprintf': This function or variable may be unsafe. Consider using vsprintf_s instead. To disable deprecation, use _CRT_SECURE_NO_WARNINGS. See online help for details.
                 c:\program files\microsoft visual studio 10.0\vc\include\stdio.h(371) : see declaration of 'vsprintf'
     1>c:\msys\1.0\ioq3-for-urbanterror-4\code\qcommon\q_shared.c(310): warning C4996: 'vsprintf': This function or variable may be unsafe. Consider using vsprintf_s instead. To disable deprecation, use _CRT_SECURE_NO_WARNINGS. See online help for details.
                 c:\program files\microsoft visual studio 10.0\vc\include\stdio.h(371) : see declaration of 'vsprintf'
     1>c:\msys\1.0\ioq3-for-urbanterror-4\code\qcommon\q_shared.c(781): warning C4996: 'strncpy': This function or variable may be unsafe. Consider using strncpy_s instead. To disable deprecation, use _CRT_SECURE_NO_WARNINGS. See online help for details.
                 c:\program files\microsoft visual studio 10.0\vc\include\string.h(188) : see declaration of 'strncpy'
     1>c:\msys\1.0\ioq3-for-urbanterror-4\code\qcommon\q_shared.c(965): warning C4996: 'vsprintf': This function or variable may be unsafe. Consider using vsprintf_s instead. To disable deprecation, use _CRT_SECURE_NO_WARNINGS. See online help for details.
                 c:\program files\microsoft visual studio 10.0\vc\include\stdio.h(371) : see declaration of 'vsprintf'
     1>c:\msys\1.0\ioq3-for-urbanterror-4\code\qcommon\q_shared.c(1001): warning C4996: 'vsprintf': This function or variable may be unsafe. Consider using vsprintf_s instead. To disable deprecation, use _CRT_SECURE_NO_WARNINGS. See online help for details.
                 c:\program files\microsoft visual studio 10.0\vc\include\stdio.h(371) : see declaration of 'vsprintf'
     1>c:\msys\1.0\ioq3-for-urbanterror-4\code\qcommon\q_shared.c(1181): warning C4996: 'strcpy': This function or variable may be unsafe. Consider using strcpy_s instead. To disable deprecation, use _CRT_SECURE_NO_WARNINGS. See online help for details.
                 c:\program files\microsoft visual studio 10.0\vc\include\string.h(105) : see declaration of 'strcpy'
     1>c:\msys\1.0\ioq3-for-urbanterror-4\code\qcommon\q_shared.c(1236): warning C4996: 'strcpy': This function or variable may be unsafe. Consider using strcpy_s instead. To disable deprecation, use _CRT_SECURE_NO_WARNINGS. See online help for details.
                 c:\program files\microsoft visual studio 10.0\vc\include\string.h(105) : see declaration of 'strcpy'
     1>c:\msys\1.0\ioq3-for-urbanterror-4\code\qcommon\q_shared.c(1303): warning C4996: 'strcat': This function or variable may be unsafe. Consider using strcat_s instead. To disable deprecation, use _CRT_SECURE_NO_WARNINGS. See online help for details.
                 c:\program files\microsoft visual studio 10.0\vc\include\string.h(110) : see declaration of 'strcat'
     1>c:\msys\1.0\ioq3-for-urbanterror-4\code\qcommon\q_shared.c(1304): warning C4996: 'strcpy': This function or variable may be unsafe. Consider using strcpy_s instead. To disable deprecation, use _CRT_SECURE_NO_WARNINGS. See online help for details.
                 c:\program files\microsoft visual studio 10.0\vc\include\string.h(105) : see declaration of 'strcpy'
     1>c:\msys\1.0\ioq3-for-urbanterror-4\code\qcommon\q_shared.c(1343): warning C4996: 'strcat': This function or variable may be unsafe. Consider using strcat_s instead. To disable deprecation, use _CRT_SECURE_NO_WARNINGS. See online help for details.
                 c:\program files\microsoft visual studio 10.0\vc\include\string.h(110) : see declaration of 'strcat'
         Generating Code...
     1>C:\Program Files\MSBuild\Microsoft.Cpp\v4.0\Microsoft.CppBuild.targets(990,5): warning MSB8012: TargetPath(C:\msys\1.0\ioq3-for-UrbanTerror-4\code\win32\msvc\.\build\cgame_debug_ta\cgame.dll) does not match the Linker's OutputFile property value (C:\msys\1.0\ioq3-for-UrbanTerror-4\code\win32\msvc\build\cgame_debug_ta\cgamex86.dll). This may cause your project to build incorrectly. To correct this, please make sure that $(OutDir), $(TargetName) and $(TargetExt) property values match the value specified in %(Link.OutputFile).
     1>C:\Program Files\MSBuild\Microsoft.Cpp\v4.0\Microsoft.CppBuild.targets(992,5): warning MSB8012: TargetName(cgame) does not match the Linker's OutputFile property value (cgamex86). This may cause your project to build incorrectly. To correct this, please make sure that $(OutDir), $(TargetName) and $(TargetExt) property values match the value specified in %(Link.OutputFile).
       Link:
         C:\Program Files\Microsoft Visual Studio 10.0\VC\bin\link.exe /ERRORREPORT:PROMPT /OUT:".\build\cgame_debug_ta\cgamex86.dll" /INCREMENTAL:NO /NOLOGO odbc32.lib odbccp32.lib kernel32.lib user32.lib gdi32.lib winspool.lib comdlg32.lib advapi32.lib shell32.lib ole32.lib oleaut32.lib uuid.lib odbc32.lib odbccp32.lib /DEF:".\cgame.def" /MANIFEST /ManifestFile:".\build\cgame_debug_ta\cgame.dll.intermediate.manifest" /MANIFESTUAC:"level='asInvoker' uiAccess='false'" /DEBUG /PDB:".\build\cgame_debug_ta\cgamex86.pdb" /MAP:".\build\cgame_debug_ta\cgamex86.map" /SUBSYSTEM:WINDOWS /TLBID:1 /BASE:"0x30000000" /DYNAMICBASE /NXCOMPAT /IMPLIB:".\build\cgame_debug_ta\cgamex86.lib" /MACHINE:X86 /DLL .\build\cgame_debug_ta\bg_misc.obj
         .\build\cgame_debug_ta\bg_pmove.obj
         .\build\cgame_debug_ta\bg_slidemove.obj
         .\build\cgame_debug_ta\cg_consolecmds.obj
         .\build\cgame_debug_ta\cg_draw.obj
         .\build\cgame_debug_ta\cg_drawtools.obj
         .\build\cgame_debug_ta\cg_effects.obj
         .\build\cgame_debug_ta\cg_ents.obj
         .\build\cgame_debug_ta\cg_event.obj
         .\build\cgame_debug_ta\cg_info.obj
         .\build\cgame_debug_ta\cg_localents.obj
         .\build\cgame_debug_ta\cg_main.obj
         .\build\cgame_debug_ta\cg_marks.obj
         .\build\cgame_debug_ta\cg_newDraw.obj
         .\build\cgame_debug_ta\cg_players.obj
         .\build\cgame_debug_ta\cg_playerstate.obj
         .\build\cgame_debug_ta\cg_predict.obj
         .\build\cgame_debug_ta\cg_scoreboard.obj
         .\build\cgame_debug_ta\cg_servercmds.obj
         .\build\cgame_debug_ta\cg_snapshot.obj
         .\build\cgame_debug_ta\cg_syscalls.obj
         .\build\cgame_debug_ta\cg_view.obj
         .\build\cgame_debug_ta\cg_weapons.obj
         .\build\cgame_debug_ta\q_math.obj
         .\build\cgame_debug_ta\q_shared.obj
         .\build\cgame_debug_ta\ui_shared.obj
     1>bg_misc.obj : warning LNK4075: ignoring '/EDITANDCONTINUE' due to '/INCREMENTAL:NO' specification
            Creating library .\build\cgame_debug_ta\cgamex86.lib and object .\build\cgame_debug_ta\cgamex86.exp
         cgame.vcxproj -> C:\msys\1.0\ioq3-for-UrbanTerror-4\code\win32\msvc\.\build\cgame_debug_ta\cgame.dll
       Manifest:
         C:\Program Files\Microsoft SDKs\Windows\v7.0A\bin\mt.exe /nologo /verbose /outputresource:".\build\cgame_debug_ta\cgamex86.dll;#2" /manifest .\build\cgame_debug_ta\cgame.dll.intermediate.manifest
       BscMake:
         C:\Program Files\Microsoft Visual Studio 10.0\VC\bin\bscmake.exe /nologo /o".\build\cgame_debug_ta\cgame.bsc" .\build\cgame_debug_ta\bg_misc.sbr .\build\cgame_debug_ta\bg_pmove.sbr .\build\cgame_debug_ta\bg_slidemove.sbr .\build\cgame_debug_ta\cg_consolecmds.sbr .\build\cgame_debug_ta\cg_draw.sbr .\build\cgame_debug_ta\cg_drawtools.sbr .\build\cgame_debug_ta\cg_effects.sbr .\build\cgame_debug_ta\cg_ents.sbr .\build\cgame_debug_ta\cg_event.sbr .\build\cgame_debug_ta\cg_info.sbr .\build\cgame_debug_ta\cg_localents.sbr .\build\cgame_debug_ta\cg_main.sbr .\build\cgame_debug_ta\cg_marks.sbr .\build\cgame_debug_ta\cg_newDraw.sbr .\build\cgame_debug_ta\cg_players.sbr .\build\cgame_debug_ta\cg_playerstate.sbr .\build\cgame_debug_ta\cg_predict.sbr .\build\cgame_debug_ta\cg_scoreboard.sbr .\build\cgame_debug_ta\cg_servercmds.sbr .\build\cgame_debug_ta\cg_snapshot.sbr .\build\cgame_debug_ta\cg_syscalls.sbr .\build\cgame_debug_ta\cg_view.sbr .\build\cgame_debug_ta\cg_weapons.sbr .\build\cgame_debug_ta\q_math.sbr .\build\cgame_debug_ta\q_shared.sbr .\build\cgame_debug_ta\ui_shared.sbr
       FinalizeBuildStatus:
         Deleting file ".\build\cgame_debug_ta\cgame.unsuccessfulbuild".
         Touching ".\build\cgame_debug_ta\cgame.lastbuildstate".
     1>Done Building Project "C:\msys\1.0\ioq3-for-UrbanTerror-4\code\win32\msvc\cgame.vcxproj" (build target(s)).

Build succeeded.

Time Elapsed 00:00:03.98
