Build started 21/01/2012 23:11:52.
     1>Project "C:\msys\1.0\ioq3-for-UrbanTerror-4\code\win32\msvc\quake3.vcxproj" on node 2 (build target(s)).
     1>InitializeBuildStatus:
         Touching ".\build\quake3_debug_ta\quake3.unsuccessfulbuild".
       ClCompile:
         C:\Program Files\Microsoft Visual Studio 10.0\VC\bin\CL.exe /c /ZI /nologo /W3 /WX- /Od /Oy- /D WIN32 /D _DEBUG /D _WINDOWS /D USE_OPENAL /Gm- /EHsc /MTd /GS /fp:precise /Zc:wchar_t /Zc:forScope /Fo".\build\quake3_debug_ta\\" /Fd".\build\quake3_debug_ta\vc100.pdb" /FR".\build\quake3_debug_ta\\" /Gd /TC /analyze- /errorReport:prompt ..\..\client\snd_dma.c
         snd_dma.c
     1>c:\msys\1.0\ioq3-for-urbanterror-4\code\client\snd_dma.c(135): warning C4996: 'strcpy': This function or variable may be unsafe. Consider using strcpy_s instead. To disable deprecation, use _CRT_SECURE_NO_WARNINGS. See online help for details.
                 c:\program files\microsoft visual studio 10.0\vc\include\string.h(105) : see declaration of 'strcpy'
     1>c:\msys\1.0\ioq3-for-urbanterror-4\code\client\snd_dma.c(136): warning C4996: 'strcpy': This function or variable may be unsafe. Consider using strcpy_s instead. To disable deprecation, use _CRT_SECURE_NO_WARNINGS. See online help for details.
                 c:\program files\microsoft visual studio 10.0\vc\include\string.h(105) : see declaration of 'strcpy'
     1>c:\msys\1.0\ioq3-for-urbanterror-4\code\client\snd_dma.c(137): warning C4996: 'strcpy': This function or variable may be unsafe. Consider using strcpy_s instead. To disable deprecation, use _CRT_SECURE_NO_WARNINGS. See online help for details.
                 c:\program files\microsoft visual studio 10.0\vc\include\string.h(105) : see declaration of 'strcpy'
     1>c:\msys\1.0\ioq3-for-urbanterror-4\code\client\snd_dma.c(138): warning C4996: 'strcpy': This function or variable may be unsafe. Consider using strcpy_s instead. To disable deprecation, use _CRT_SECURE_NO_WARNINGS. See online help for details.
                 c:\program files\microsoft visual studio 10.0\vc\include\string.h(105) : see declaration of 'strcpy'
     1>c:\msys\1.0\ioq3-for-urbanterror-4\code\client\snd_dma.c(139): warning C4996: 'strcpy': This function or variable may be unsafe. Consider using strcpy_s instead. To disable deprecation, use _CRT_SECURE_NO_WARNINGS. See online help for details.
                 c:\program files\microsoft visual studio 10.0\vc\include\string.h(105) : see declaration of 'strcpy'
     1>c:\msys\1.0\ioq3-for-urbanterror-4\code\client\snd_dma.c(140): warning C4996: 'strcpy': This function or variable may be unsafe. Consider using strcpy_s instead. To disable deprecation, use _CRT_SECURE_NO_WARNINGS. See online help for details.
                 c:\program files\microsoft visual studio 10.0\vc\include\string.h(105) : see declaration of 'strcpy'
     1>c:\msys\1.0\ioq3-for-urbanterror-4\code\client\snd_dma.c(268): warning C4996: 'strcpy': This function or variable may be unsafe. Consider using strcpy_s instead. To disable deprecation, use _CRT_SECURE_NO_WARNINGS. See online help for details.
                 c:\program files\microsoft visual studio 10.0\vc\include\string.h(105) : see declaration of 'strcpy'
       ResourceCompile:
         All outputs are up-to-date.
       ManifestResourceCompile:
         All outputs are up-to-date.
     1>C:\Program Files\MSBuild\Microsoft.Cpp\v4.0\Microsoft.CppBuild.targets(990,5): warning MSB8012: TargetPath(C:\msys\1.0\ioq3-for-UrbanTerror-4\code\win32\msvc\.\build\quake3_debug_ta\quake3.exe) does not match the Linker's OutputFile property value (C:\msys\1.0\ioq3-for-UrbanTerror-4\code\win32\msvc\build\quake3_debug_ta\ioquake3.exe). This may cause your project to build incorrectly. To correct this, please make sure that $(OutDir), $(TargetName) and $(TargetExt) property values match the value specified in %(Link.OutputFile).
     1>C:\Program Files\MSBuild\Microsoft.Cpp\v4.0\Microsoft.CppBuild.targets(992,5): warning MSB8012: TargetName(quake3) does not match the Linker's OutputFile property value (ioquake3). This may cause your project to build incorrectly. To correct this, please make sure that $(OutDir), $(TargetName) and $(TargetExt) property values match the value specified in %(Link.OutputFile).
       Link:
         C:\Program Files\Microsoft Visual Studio 10.0\VC\bin\link.exe /ERRORREPORT:PROMPT /OUT:".\build\quake3_debug_ta\ioquake3.exe" /INCREMENTAL /NOLOGO winmm.lib wsock32.lib openal32.lib kernel32.lib user32.lib gdi32.lib winspool.lib comdlg32.lib advapi32.lib shell32.lib ole32.lib oleaut32.lib uuid.lib odbc32.lib odbccp32.lib /MANIFEST /ManifestFile:".\build\quake3_debug_ta\quake3.exe.intermediate.manifest" /MANIFESTUAC:"level='asInvoker' uiAccess='false'" /DEBUG /PDB:".\build\quake3_debug_ta\quake3.pdb" /MAP:".\build\quake3_debug_ta\quake3.map" /SUBSYSTEM:WINDOWS /STACK:"8388608" /TLBID:1 /DYNAMICBASE /NXCOMPAT /IMPLIB:".\build\quake3_debug_ta\quake3.lib" /MACHINE:X86 ..\winquake.res
         .\build\quake3_debug_ta\quake3.exe.embed.manifest.res
         .\build\quake3_debug_ta\cl_avi.obj
         .\build\quake3_debug_ta\cl_cgame.obj
         .\build\quake3_debug_ta\cl_cin.obj
         .\build\quake3_debug_ta\cl_console.obj
         .\build\quake3_debug_ta\cl_curl.obj
         .\build\quake3_debug_ta\cl_input.obj
         .\build\quake3_debug_ta\cl_keys.obj
         .\build\quake3_debug_ta\cl_main.obj
         .\build\quake3_debug_ta\cl_net_chan.obj
         .\build\quake3_debug_ta\cl_parse.obj
         .\build\quake3_debug_ta\cl_scrn.obj
         .\build\quake3_debug_ta\cl_ui.obj
         .\build\quake3_debug_ta\cm_load.obj
         .\build\quake3_debug_ta\cm_patch.obj
         .\build\quake3_debug_ta\cm_polylib.obj
         .\build\quake3_debug_ta\cm_test.obj
         .\build\quake3_debug_ta\cm_trace.obj
         .\build\quake3_debug_ta\cmd.obj
         .\build\quake3_debug_ta\common.obj
         .\build\quake3_debug_ta\cvar.obj
         .\build\quake3_debug_ta\files.obj
         .\build\quake3_debug_ta\huffman.obj
         .\build\quake3_debug_ta\md4.obj
         .\build\quake3_debug_ta\md5.obj
         .\build\quake3_debug_ta\msg.obj
         .\build\quake3_debug_ta\net_chan.obj
         .\build\quake3_debug_ta\net_ip.obj
         .\build\quake3_debug_ta\puff.obj
         .\build\quake3_debug_ta\q_math.obj
         .\build\quake3_debug_ta\q_shared.obj
         .\build\quake3_debug_ta\qal.obj
         .\build\quake3_debug_ta\snd_adpcm.obj
         .\build\quake3_debug_ta\snd_codec.obj
         .\build\quake3_debug_ta\snd_codec_ogg.obj
         .\build\quake3_debug_ta\snd_codec_wav.obj
         .\build\quake3_debug_ta\snd_dma.obj
         .\build\quake3_debug_ta\snd_main.obj
         .\build\quake3_debug_ta\snd_mem.obj
         .\build\quake3_debug_ta\snd_mix.obj
         .\build\quake3_debug_ta\snd_openal.obj
         .\build\quake3_debug_ta\snd_wavelet.obj
         .\build\quake3_debug_ta\sv_bot.obj
         .\build\quake3_debug_ta\sv_ccmds.obj
         .\build\quake3_debug_ta\sv_client.obj
         .\build\quake3_debug_ta\sv_game.obj
         .\build\quake3_debug_ta\sv_init.obj
         .\build\quake3_debug_ta\sv_main.obj
         .\build\quake3_debug_ta\sv_net_chan.obj
         .\build\quake3_debug_ta\sv_snapshot.obj
         .\build\quake3_debug_ta\sv_world.obj
         .\build\quake3_debug_ta\unzip.obj
         .\build\quake3_debug_ta\vm.obj
         .\build\quake3_debug_ta\vm_interpreted.obj
         .\build\quake3_debug_ta\vm_x86.obj
         .\build\quake3_debug_ta\win_input.obj
         .\build\quake3_debug_ta\win_main.obj
         .\build\quake3_debug_ta\win_shared.obj
         .\build\quake3_debug_ta\win_snd.obj
         .\build\quake3_debug_ta\win_syscon.obj
         .\build\quake3_debug_ta\win_wndproc.obj
         "C:\msys\1.0\ioq3-for-UrbanTerror-4\code\win32\msvc\build\botlib_debug_ta\botlib.lib"
         "C:\msys\1.0\ioq3-for-UrbanTerror-4\code\win32\msvc\build\renderer_debug_ta\renderer.lib"
       Manifest:
         C:\Program Files\Microsoft SDKs\Windows\v7.0A\bin\mt.exe /nologo /verbose /out:".\build\quake3_debug_ta\quake3.exe.embed.manifest" /manifest .\build\quake3_debug_ta\quake3.exe.intermediate.manifest
         C:\Program Files\Microsoft SDKs\Windows\v7.0A\bin\rc.exe /nologo /fo".\build\quake3_debug_ta\quake3.exe.embed.manifest.res" .\build\quake3_debug_ta\quake3_manifest.rc 
       LinkEmbedManifest:
         C:\Program Files\Microsoft Visual Studio 10.0\VC\bin\link.exe /ERRORREPORT:PROMPT /OUT:".\build\quake3_debug_ta\ioquake3.exe" /INCREMENTAL /NOLOGO winmm.lib wsock32.lib openal32.lib kernel32.lib user32.lib gdi32.lib winspool.lib comdlg32.lib advapi32.lib shell32.lib ole32.lib oleaut32.lib uuid.lib odbc32.lib odbccp32.lib /MANIFEST /ManifestFile:".\build\quake3_debug_ta\quake3.exe.intermediate.manifest" /MANIFESTUAC:"level='asInvoker' uiAccess='false'" /DEBUG /PDB:".\build\quake3_debug_ta\quake3.pdb" /MAP:".\build\quake3_debug_ta\quake3.map" /SUBSYSTEM:WINDOWS /STACK:"8388608" /TLBID:1 /DYNAMICBASE /NXCOMPAT /IMPLIB:".\build\quake3_debug_ta\quake3.lib" /MACHINE:X86 ..\winquake.res
         .\build\quake3_debug_ta\quake3.exe.embed.manifest.res
         .\build\quake3_debug_ta\cl_avi.obj
         .\build\quake3_debug_ta\cl_cgame.obj
         .\build\quake3_debug_ta\cl_cin.obj
         .\build\quake3_debug_ta\cl_console.obj
         .\build\quake3_debug_ta\cl_curl.obj
         .\build\quake3_debug_ta\cl_input.obj
         .\build\quake3_debug_ta\cl_keys.obj
         .\build\quake3_debug_ta\cl_main.obj
         .\build\quake3_debug_ta\cl_net_chan.obj
         .\build\quake3_debug_ta\cl_parse.obj
         .\build\quake3_debug_ta\cl_scrn.obj
         .\build\quake3_debug_ta\cl_ui.obj
         .\build\quake3_debug_ta\cm_load.obj
         .\build\quake3_debug_ta\cm_patch.obj
         .\build\quake3_debug_ta\cm_polylib.obj
         .\build\quake3_debug_ta\cm_test.obj
         .\build\quake3_debug_ta\cm_trace.obj
         .\build\quake3_debug_ta\cmd.obj
         .\build\quake3_debug_ta\common.obj
         .\build\quake3_debug_ta\cvar.obj
         .\build\quake3_debug_ta\files.obj
         .\build\quake3_debug_ta\huffman.obj
         .\build\quake3_debug_ta\md4.obj
         .\build\quake3_debug_ta\md5.obj
         .\build\quake3_debug_ta\msg.obj
         .\build\quake3_debug_ta\net_chan.obj
         .\build\quake3_debug_ta\net_ip.obj
         .\build\quake3_debug_ta\puff.obj
         .\build\quake3_debug_ta\q_math.obj
         .\build\quake3_debug_ta\q_shared.obj
         .\build\quake3_debug_ta\qal.obj
         .\build\quake3_debug_ta\snd_adpcm.obj
         .\build\quake3_debug_ta\snd_codec.obj
         .\build\quake3_debug_ta\snd_codec_ogg.obj
         .\build\quake3_debug_ta\snd_codec_wav.obj
         .\build\quake3_debug_ta\snd_dma.obj
         .\build\quake3_debug_ta\snd_main.obj
         .\build\quake3_debug_ta\snd_mem.obj
         .\build\quake3_debug_ta\snd_mix.obj
         .\build\quake3_debug_ta\snd_openal.obj
         .\build\quake3_debug_ta\snd_wavelet.obj
         .\build\quake3_debug_ta\sv_bot.obj
         .\build\quake3_debug_ta\sv_ccmds.obj
         .\build\quake3_debug_ta\sv_client.obj
         .\build\quake3_debug_ta\sv_game.obj
         .\build\quake3_debug_ta\sv_init.obj
         .\build\quake3_debug_ta\sv_main.obj
         .\build\quake3_debug_ta\sv_net_chan.obj
         .\build\quake3_debug_ta\sv_snapshot.obj
         .\build\quake3_debug_ta\sv_world.obj
         .\build\quake3_debug_ta\unzip.obj
         .\build\quake3_debug_ta\vm.obj
         .\build\quake3_debug_ta\vm_interpreted.obj
         .\build\quake3_debug_ta\vm_x86.obj
         .\build\quake3_debug_ta\win_input.obj
         .\build\quake3_debug_ta\win_main.obj
         .\build\quake3_debug_ta\win_shared.obj
         .\build\quake3_debug_ta\win_snd.obj
         .\build\quake3_debug_ta\win_syscon.obj
         .\build\quake3_debug_ta\win_wndproc.obj
         "C:\msys\1.0\ioq3-for-UrbanTerror-4\code\win32\msvc\build\botlib_debug_ta\botlib.lib"
         "C:\msys\1.0\ioq3-for-UrbanTerror-4\code\win32\msvc\build\renderer_debug_ta\renderer.lib"
         quake3.vcxproj -> C:\msys\1.0\ioq3-for-UrbanTerror-4\code\win32\msvc\.\build\quake3_debug_ta\quake3.exe
       BscMake:
         C:\Program Files\Microsoft Visual Studio 10.0\VC\bin\bscmake.exe /nologo /o".\build\quake3_debug_ta\quake3.bsc" .\build\quake3_debug_ta\cl_avi.sbr .\build\quake3_debug_ta\cl_cgame.sbr .\build\quake3_debug_ta\cl_cin.sbr .\build\quake3_debug_ta\cl_console.sbr .\build\quake3_debug_ta\cl_curl.sbr .\build\quake3_debug_ta\cl_input.sbr .\build\quake3_debug_ta\cl_keys.sbr .\build\quake3_debug_ta\cl_main.sbr .\build\quake3_debug_ta\cl_net_chan.sbr .\build\quake3_debug_ta\cl_parse.sbr .\build\quake3_debug_ta\cl_scrn.sbr .\build\quake3_debug_ta\cl_ui.sbr .\build\quake3_debug_ta\cm_load.sbr .\build\quake3_debug_ta\cm_patch.sbr .\build\quake3_debug_ta\cm_polylib.sbr .\build\quake3_debug_ta\cm_test.sbr .\build\quake3_debug_ta\cm_trace.sbr .\build\quake3_debug_ta\cmd.sbr .\build\quake3_debug_ta\common.sbr .\build\quake3_debug_ta\cvar.sbr .\build\quake3_debug_ta\files.sbr .\build\quake3_debug_ta\huffman.sbr .\build\quake3_debug_ta\md4.sbr .\build\quake3_debug_ta\md5.sbr .\build\quake3_debug_ta\msg.sbr .\build\quake3_debug_ta\net_chan.sbr .\build\quake3_debug_ta\net_ip.sbr .\build\quake3_debug_ta\puff.sbr .\build\quake3_debug_ta\q_math.sbr .\build\quake3_debug_ta\q_shared.sbr .\build\quake3_debug_ta\qal.sbr .\build\quake3_debug_ta\snd_adpcm.sbr .\build\quake3_debug_ta\snd_codec.sbr .\build\quake3_debug_ta\snd_codec_ogg.sbr .\build\quake3_debug_ta\snd_codec_wav.sbr .\build\quake3_debug_ta\snd_dma.sbr .\build\quake3_debug_ta\snd_main.sbr .\build\quake3_debug_ta\snd_mem.sbr .\build\quake3_debug_ta\snd_mix.sbr .\build\quake3_debug_ta\snd_openal.sbr .\build\quake3_debug_ta\snd_wavelet.sbr .\build\quake3_debug_ta\sv_bot.sbr .\build\quake3_debug_ta\sv_ccmds.sbr .\build\quake3_debug_ta\sv_client.sbr .\build\quake3_debug_ta\sv_game.sbr .\build\quake3_debug_ta\sv_init.sbr .\build\quake3_debug_ta\sv_main.sbr .\build\quake3_debug_ta\sv_net_chan.sbr .\build\quake3_debug_ta\sv_snapshot.sbr .\build\quake3_debug_ta\sv_world.sbr .\build\quake3_debug_ta\unzip.sbr .\build\quake3_debug_ta\vm.sbr .\build\quake3_debug_ta\vm_interpreted.sbr .\build\quake3_debug_ta\vm_x86.sbr .\build\quake3_debug_ta\win_input.sbr .\build\quake3_debug_ta\win_main.sbr .\build\quake3_debug_ta\win_shared.sbr .\build\quake3_debug_ta\win_snd.sbr .\build\quake3_debug_ta\win_syscon.sbr .\build\quake3_debug_ta\win_wndproc.sbr
       PostBuildEvent:
         Description: Post build processing..
         rem bash -c "perl ./unix/cons -- debug-TA"
         :VCEnd
       FinalizeBuildStatus:
         Deleting file ".\build\quake3_debug_ta\quake3.unsuccessfulbuild".
         Touching ".\build\quake3_debug_ta\quake3.lastbuildstate".
     1>Done Building Project "C:\msys\1.0\ioq3-for-UrbanTerror-4\code\win32\msvc\quake3.vcxproj" (build target(s)).

Build succeeded.

Time Elapsed 00:00:06.65
