Build started 21/01/2012 23:12:41.
     1>Project "C:\msys\1.0\ioq3-for-UrbanTerror-4\code\win32\msvc\renderer.vcxproj" on node 2 (build target(s)).
     1>InitializeBuildStatus:
         Creating ".\build\renderer_release\renderer.unsuccessfulbuild" because "AlwaysCreate" was specified.
       ClCompile:
         C:\Program Files\Microsoft Visual Studio 10.0\VC\bin\CL.exe /c /Zi /nologo /W4 /WX- /O2 /Ob2 /Oy- /D WIN32 /D NDEBUG /D _LIB /D _MBCS /GF /Gm- /EHsc /MT /GS /Gy /fp:precise /Zc:wchar_t /Zc:forScope /Fo".\build\renderer_release\\" /Fd".\build\renderer_release\vc100.pdb" /Gd /TC /analyze- /errorReport:prompt ..\..\renderer\tr_animation.c ..\..\renderer\tr_backend.c ..\..\renderer\tr_bsp.c ..\..\renderer\tr_cmds.c ..\..\renderer\tr_curve.c ..\..\renderer\tr_flares.c ..\..\renderer\tr_font.c ..\..\renderer\tr_image.c ..\..\renderer\tr_init.c ..\..\renderer\tr_light.c ..\..\renderer\tr_main.c ..\..\renderer\tr_marks.c ..\..\renderer\tr_mesh.c ..\..\renderer\tr_model.c ..\..\renderer\tr_noise.c ..\..\renderer\tr_scene.c ..\..\renderer\tr_shade.c ..\..\renderer\tr_shade_calc.c ..\..\renderer\tr_shader.c ..\..\renderer\tr_shadows.c ..\..\renderer\tr_sky.c ..\..\renderer\tr_surface.c ..\..\renderer\tr_world.c ..\win_gamma.c ..\win_glimp.c ..\win_qgl.c "..\..\jpeg-6\jcapimin.c" "..\..\jpeg-6\jccoefct.c" "..\..\jpeg-6\jccolor.c" "..\..\jpeg-6\jcdctmgr.c" "..\..\jpeg-6\jchuff.c" "..\..\jpeg-6\jcinit.c" "..\..\jpeg-6\jcmainct.c" "..\..\jpeg-6\jcmarker.c" "..\..\jpeg-6\jcmaster.c" "..\..\jpeg-6\jcomapi.c" "..\..\jpeg-6\jcparam.c" "..\..\jpeg-6\jcphuff.c" "..\..\jpeg-6\jcprepct.c" "..\..\jpeg-6\jcsample.c" "..\..\jpeg-6\jdapimin.c" "..\..\jpeg-6\jdapistd.c" "..\..\jpeg-6\jdatasrc.c" "..\..\jpeg-6\jdcoefct.c" "..\..\jpeg-6\jdcolor.c" "..\..\jpeg-6\jddctmgr.c" "..\..\jpeg-6\jdhuff.c" "..\..\jpeg-6\jdinput.c" "..\..\jpeg-6\jdmainct.c" "..\..\jpeg-6\jdmarker.c" "..\..\jpeg-6\jdmaster.c" "..\..\jpeg-6\jdpostct.c" "..\..\jpeg-6\jdsample.c" "..\..\jpeg-6\jdtrans.c" "..\..\jpeg-6\jerror.c" "..\..\jpeg-6\jfdctflt.c" "..\..\jpeg-6\jidctflt.c" "..\..\jpeg-6\jmemmgr.c" "..\..\jpeg-6\jmemnobs.c" "..\..\jpeg-6\jutils.c"
         tr_animation.c
         tr_backend.c
     1>..\..\renderer\tr_backend.c(549): warning C4389: '==' : signed/unsigned mismatch
         tr_bsp.c
     1>..\..\renderer\tr_bsp.c(1707): warning C4996: 'strcpy': This function or variable may be unsafe. Consider using strcpy_s instead. To disable deprecation, use _CRT_SECURE_NO_WARNINGS. See online help for details.
     1>..\..\renderer\tr_bsp.c(1761): warning C4996: 'sscanf': This function or variable may be unsafe. Consider using sscanf_s instead. To disable deprecation, use _CRT_SECURE_NO_WARNINGS. See online help for details.
                 C:\Program Files\Microsoft Visual Studio 10.0\VC\include\stdio.h(325) : see declaration of 'sscanf'
         tr_cmds.c
         tr_curve.c
         tr_flares.c
         tr_font.c
         tr_image.c
     1>..\..\renderer\tr_image.c(761): warning C4996: 'strcpy': This function or variable may be unsafe. Consider using strcpy_s instead. To disable deprecation, use _CRT_SECURE_NO_WARNINGS. See online help for details.
     1>..\..\renderer\tr_image.c(896): warning C4389: '!=' : signed/unsigned mismatch
     1>..\..\renderer\tr_image.c(916): warning C4389: '!=' : signed/unsigned mismatch
     1>..\..\renderer\tr_image.c(1307): warning C4389: '==' : signed/unsigned mismatch
     1>..\..\renderer\tr_image.c(1344): warning C4389: '==' : signed/unsigned mismatch
     1>..\..\renderer\tr_image.c(2434): warning C4245: 'return' : conversion from 'int' to 'uint32_t', signed/unsigned mismatch
     1>..\..\renderer\tr_image.c(2456): warning C4245: 'return' : conversion from 'int' to 'uint32_t', signed/unsigned mismatch
     1>..\..\renderer\tr_image.c(2479): warning C4245: 'return' : conversion from 'int' to 'uint32_t', signed/unsigned mismatch
     1>..\..\renderer\tr_image.c(2516): warning C4245: 'return' : conversion from 'int' to 'uint32_t', signed/unsigned mismatch
     1>..\..\renderer\tr_image.c(2529): warning C4245: 'return' : conversion from 'int' to 'uint32_t', signed/unsigned mismatch
     1>..\..\renderer\tr_image.c(2549): warning C4245: 'return' : conversion from 'int' to 'uint32_t', signed/unsigned mismatch
     1>..\..\renderer\tr_image.c(2583): warning C4245: 'return' : conversion from 'int' to 'uint32_t', signed/unsigned mismatch
     1>..\..\renderer\tr_image.c(2590): warning C4245: 'return' : conversion from 'int' to 'uint32_t', signed/unsigned mismatch
     1>..\..\renderer\tr_image.c(2621): warning C4245: 'return' : conversion from 'int' to 'uint32_t', signed/unsigned mismatch
     1>..\..\renderer\tr_image.c(2633): warning C4245: 'return' : conversion from 'int' to 'uint32_t', signed/unsigned mismatch
     1>..\..\renderer\tr_image.c(2664): warning C4245: 'return' : conversion from 'int' to 'uint32_t', signed/unsigned mismatch
         tr_init.c
     1>..\..\renderer\tr_init.c(214): warning C4996: 'strcpy': This function or variable may be unsafe. Consider using strcpy_s instead. To disable deprecation, use _CRT_SECURE_NO_WARNINGS. See online help for details.
     1>..\..\renderer\tr_init.c(256): warning C4996: 'strcpy': This function or variable may be unsafe. Consider using strcpy_s instead. To disable deprecation, use _CRT_SECURE_NO_WARNINGS. See online help for details.
     1>..\..\renderer\tr_init.c(259): warning C4996: 'strcpy': This function or variable may be unsafe. Consider using strcpy_s instead. To disable deprecation, use _CRT_SECURE_NO_WARNINGS. See online help for details.
     1>..\..\renderer\tr_init.c(262): warning C4996: 'strcpy': This function or variable may be unsafe. Consider using strcpy_s instead. To disable deprecation, use _CRT_SECURE_NO_WARNINGS. See online help for details.
     1>..\..\renderer\tr_init.c(265): warning C4996: 'strcpy': This function or variable may be unsafe. Consider using strcpy_s instead. To disable deprecation, use _CRT_SECURE_NO_WARNINGS. See online help for details.
     1>..\..\renderer\tr_init.c(268): warning C4996: 'strcpy': This function or variable may be unsafe. Consider using strcpy_s instead. To disable deprecation, use _CRT_SECURE_NO_WARNINGS. See online help for details.
     1>..\..\renderer\tr_init.c(271): warning C4996: 'strcpy': This function or variable may be unsafe. Consider using strcpy_s instead. To disable deprecation, use _CRT_SECURE_NO_WARNINGS. See online help for details.
     1>..\..\renderer\tr_init.c(544): warning C4996: 'sprintf': This function or variable may be unsafe. Consider using sprintf_s instead. To disable deprecation, use _CRT_SECURE_NO_WARNINGS. See online help for details.
                 C:\Program Files\Microsoft Visual Studio 10.0\VC\include\stdio.h(371) : see declaration of 'sprintf'
         tr_light.c
         tr_main.c
         tr_marks.c
         tr_mesh.c
         tr_model.c
     1>..\..\renderer\tr_model.c(138): warning C4996: 'strcpy': This function or variable may be unsafe. Consider using strcpy_s instead. To disable deprecation, use _CRT_SECURE_NO_WARNINGS. See online help for details.
         tr_noise.c
         tr_scene.c
         tr_shade.c
     1>..\..\renderer\tr_shade.c(93): warning C4389: '==' : signed/unsigned mismatch
     1>..\..\renderer\tr_shade.c(93): warning C4389: '==' : signed/unsigned mismatch
     1>..\..\renderer\tr_shade.c(121): warning C4389: '==' : signed/unsigned mismatch
     1>..\..\renderer\tr_shade.c(121): warning C4389: '==' : signed/unsigned mismatch
         tr_shade_calc.c
     1>..\..\renderer\tr_shade_calc.c(518): warning C4389: '==' : signed/unsigned mismatch
     1>..\..\renderer\tr_shade_calc.c(518): warning C4389: '==' : signed/unsigned mismatch
         tr_shader.c
     1>..\..\renderer\tr_shader.c(987): warning C4996: 'strcat': This function or variable may be unsafe. Consider using strcat_s instead. To disable deprecation, use _CRT_SECURE_NO_WARNINGS. See online help for details.
     1>..\..\renderer\tr_shader.c(988): warning C4996: 'strcat': This function or variable may be unsafe. Consider using strcat_s instead. To disable deprecation, use _CRT_SECURE_NO_WARNINGS. See online help for details.
     1>..\..\renderer\tr_shader.c(2905): warning C4996: 'strcat': This function or variable may be unsafe. Consider using strcat_s instead. To disable deprecation, use _CRT_SECURE_NO_WARNINGS. See online help for details.
     1>..\..\renderer\tr_shader.c(2908): warning C4996: 'strcat': This function or variable may be unsafe. Consider using strcat_s instead. To disable deprecation, use _CRT_SECURE_NO_WARNINGS. See online help for details.
         tr_shadows.c
         Generating Code...
         Compiling...
         tr_sky.c
         tr_surface.c
         tr_world.c
         win_gamma.c
         win_glimp.c
     1>..\win_glimp.c(1426): warning C4996: 'sscanf': This function or variable may be unsafe. Consider using sscanf_s instead. To disable deprecation, use _CRT_SECURE_NO_WARNINGS. See online help for details.
                 C:\Program Files\Microsoft Visual Studio 10.0\VC\include\stdio.h(325) : see declaration of 'sscanf'
     1>..\win_glimp.c(1429): warning C4996: 'sscanf': This function or variable may be unsafe. Consider using sscanf_s instead. To disable deprecation, use _CRT_SECURE_NO_WARNINGS. See online help for details.
                 C:\Program Files\Microsoft Visual Studio 10.0\VC\include\stdio.h(325) : see declaration of 'sscanf'
         win_qgl.c
     1>..\win_qgl.c(793): warning C4996: 'strcpy': This function or variable may be unsafe. Consider using strcpy_s instead. To disable deprecation, use _CRT_SECURE_NO_WARNINGS. See online help for details.
     1>..\win_qgl.c(795): warning C4996: 'strcpy': This function or variable may be unsafe. Consider using strcpy_s instead. To disable deprecation, use _CRT_SECURE_NO_WARNINGS. See online help for details.
     1>..\win_qgl.c(797): warning C4996: 'strcpy': This function or variable may be unsafe. Consider using strcpy_s instead. To disable deprecation, use _CRT_SECURE_NO_WARNINGS. See online help for details.
     1>..\win_qgl.c(799): warning C4996: 'strcpy': This function or variable may be unsafe. Consider using strcpy_s instead. To disable deprecation, use _CRT_SECURE_NO_WARNINGS. See online help for details.
     1>..\win_qgl.c(801): warning C4996: 'strcpy': This function or variable may be unsafe. Consider using strcpy_s instead. To disable deprecation, use _CRT_SECURE_NO_WARNINGS. See online help for details.
     1>..\win_qgl.c(803): warning C4996: 'strcpy': This function or variable may be unsafe. Consider using strcpy_s instead. To disable deprecation, use _CRT_SECURE_NO_WARNINGS. See online help for details.
     1>..\win_qgl.c(805): warning C4996: 'strcpy': This function or variable may be unsafe. Consider using strcpy_s instead. To disable deprecation, use _CRT_SECURE_NO_WARNINGS. See online help for details.
     1>..\win_qgl.c(807): warning C4996: 'strcpy': This function or variable may be unsafe. Consider using strcpy_s instead. To disable deprecation, use _CRT_SECURE_NO_WARNINGS. See online help for details.
     1>..\win_qgl.c(809): warning C4996: 'strcpy': This function or variable may be unsafe. Consider using strcpy_s instead. To disable deprecation, use _CRT_SECURE_NO_WARNINGS. See online help for details.
     1>..\win_qgl.c(811): warning C4996: 'strcpy': This function or variable may be unsafe. Consider using strcpy_s instead. To disable deprecation, use _CRT_SECURE_NO_WARNINGS. See online help for details.
     1>..\win_qgl.c(813): warning C4996: 'sprintf': This function or variable may be unsafe. Consider using sprintf_s instead. To disable deprecation, use _CRT_SECURE_NO_WARNINGS. See online help for details.
                 C:\Program Files\Microsoft Visual Studio 10.0\VC\include\stdio.h(371) : see declaration of 'sprintf'
     1>..\win_qgl.c(845): warning C4996: 'sprintf': This function or variable may be unsafe. Consider using sprintf_s instead. To disable deprecation, use _CRT_SECURE_NO_WARNINGS. See online help for details.
                 C:\Program Files\Microsoft Visual Studio 10.0\VC\include\stdio.h(371) : see declaration of 'sprintf'
     1>..\win_qgl.c(923): warning C4996: 'strcpy': This function or variable may be unsafe. Consider using strcpy_s instead. To disable deprecation, use _CRT_SECURE_NO_WARNINGS. See online help for details.
     1>..\win_qgl.c(926): warning C4996: 'strcpy': This function or variable may be unsafe. Consider using strcpy_s instead. To disable deprecation, use _CRT_SECURE_NO_WARNINGS. See online help for details.
     1>..\win_qgl.c(929): warning C4996: 'strcpy': This function or variable may be unsafe. Consider using strcpy_s instead. To disable deprecation, use _CRT_SECURE_NO_WARNINGS. See online help for details.
     1>..\win_qgl.c(932): warning C4996: 'strcpy': This function or variable may be unsafe. Consider using strcpy_s instead. To disable deprecation, use _CRT_SECURE_NO_WARNINGS. See online help for details.
     1>..\win_qgl.c(935): warning C4996: 'strcpy': This function or variable may be unsafe. Consider using strcpy_s instead. To disable deprecation, use _CRT_SECURE_NO_WARNINGS. See online help for details.
     1>..\win_qgl.c(938): warning C4996: 'strcpy': This function or variable may be unsafe. Consider using strcpy_s instead. To disable deprecation, use _CRT_SECURE_NO_WARNINGS. See online help for details.
     1>..\win_qgl.c(941): warning C4996: 'strcpy': This function or variable may be unsafe. Consider using strcpy_s instead. To disable deprecation, use _CRT_SECURE_NO_WARNINGS. See online help for details.
     1>..\win_qgl.c(944): warning C4996: 'sprintf': This function or variable may be unsafe. Consider using sprintf_s instead. To disable deprecation, use _CRT_SECURE_NO_WARNINGS. See online help for details.
                 C:\Program Files\Microsoft Visual Studio 10.0\VC\include\stdio.h(371) : see declaration of 'sprintf'
     1>..\win_qgl.c(3687): warning C4996: 'localtime': This function or variable may be unsafe. Consider using localtime_s instead. To disable deprecation, use _CRT_SECURE_NO_WARNINGS. See online help for details.
                 C:\Program Files\Microsoft Visual Studio 10.0\VC\include\time.inl(112) : see declaration of 'localtime'
     1>..\win_qgl.c(3689): warning C4996: 'asctime': This function or variable may be unsafe. Consider using asctime_s instead. To disable deprecation, use _CRT_SECURE_NO_WARNINGS. See online help for details.
                 C:\Program Files\Microsoft Visual Studio 10.0\VC\include\time.h(153) : see declaration of 'asctime'
     1>..\win_qgl.c(3693): warning C4996: 'fopen': This function or variable may be unsafe. Consider using fopen_s instead. To disable deprecation, use _CRT_SECURE_NO_WARNINGS. See online help for details.
                 C:\Program Files\Microsoft Visual Studio 10.0\VC\include\stdio.h(234) : see declaration of 'fopen'
     1>..\win_qgl.c(3695): warning C4996: 'asctime': This function or variable may be unsafe. Consider using asctime_s instead. To disable deprecation, use _CRT_SECURE_NO_WARNINGS. See online help for details.
                 C:\Program Files\Microsoft Visual Studio 10.0\VC\include\time.h(153) : see declaration of 'asctime'
         jcapimin.c
         jccoefct.c
         jccolor.c
         jcdctmgr.c
         jchuff.c
         jcinit.c
         jcmainct.c
         jcmarker.c
         jcmaster.c
         jcomapi.c
         jcparam.c
         jcphuff.c
         jcprepct.c
         jcsample.c
         Generating Code...
         Compiling...
         jdapimin.c
         jdapistd.c
         jdatasrc.c
         jdcoefct.c
         jdcolor.c
         jddctmgr.c
         jdhuff.c
         jdinput.c
         jdmainct.c
         jdmarker.c
         jdmaster.c
         jdpostct.c
         jdsample.c
         jdtrans.c
         jerror.c
     1>..\..\jpeg-6\jerror.c(173): warning C4996: 'sprintf': This function or variable may be unsafe. Consider using sprintf_s instead. To disable deprecation, use _CRT_SECURE_NO_WARNINGS. See online help for details.
                 C:\Program Files\Microsoft Visual Studio 10.0\VC\include\stdio.h(371) : see declaration of 'sprintf'
     1>..\..\jpeg-6\jerror.c(179): warning C4996: 'sprintf': This function or variable may be unsafe. Consider using sprintf_s instead. To disable deprecation, use _CRT_SECURE_NO_WARNINGS. See online help for details.
                 C:\Program Files\Microsoft Visual Studio 10.0\VC\include\stdio.h(371) : see declaration of 'sprintf'
         jfdctflt.c
         jidctflt.c
         jmemmgr.c
     1>..\..\jpeg-6\jmemmgr.c(1106): warning C4996: 'sscanf': This function or variable may be unsafe. Consider using sscanf_s instead. To disable deprecation, use _CRT_SECURE_NO_WARNINGS. See online help for details.
                 C:\Program Files\Microsoft Visual Studio 10.0\VC\include\stdio.h(325) : see declaration of 'sscanf'
         jmemnobs.c
         jutils.c
         Generating Code...
       Lib:
         C:\Program Files\Microsoft Visual Studio 10.0\VC\bin\Lib.exe /OUT:".\build\renderer_release\renderer.lib" /NOLOGO .\build\renderer_release\tr_animation.obj
         .\build\renderer_release\tr_backend.obj
         .\build\renderer_release\tr_bsp.obj
         .\build\renderer_release\tr_cmds.obj
         .\build\renderer_release\tr_curve.obj
         .\build\renderer_release\tr_flares.obj
         .\build\renderer_release\tr_font.obj
         .\build\renderer_release\tr_image.obj
         .\build\renderer_release\tr_init.obj
         .\build\renderer_release\tr_light.obj
         .\build\renderer_release\tr_main.obj
         .\build\renderer_release\tr_marks.obj
         .\build\renderer_release\tr_mesh.obj
         .\build\renderer_release\tr_model.obj
         .\build\renderer_release\tr_noise.obj
         .\build\renderer_release\tr_scene.obj
         .\build\renderer_release\tr_shade.obj
         .\build\renderer_release\tr_shade_calc.obj
         .\build\renderer_release\tr_shader.obj
         .\build\renderer_release\tr_shadows.obj
         .\build\renderer_release\tr_sky.obj
         .\build\renderer_release\tr_surface.obj
         .\build\renderer_release\tr_world.obj
         .\build\renderer_release\win_gamma.obj
         .\build\renderer_release\win_glimp.obj
         .\build\renderer_release\win_qgl.obj
         .\build\renderer_release\jcapimin.obj
         .\build\renderer_release\jccoefct.obj
         .\build\renderer_release\jccolor.obj
         .\build\renderer_release\jcdctmgr.obj
         .\build\renderer_release\jchuff.obj
         .\build\renderer_release\jcinit.obj
         .\build\renderer_release\jcmainct.obj
         .\build\renderer_release\jcmarker.obj
         .\build\renderer_release\jcmaster.obj
         .\build\renderer_release\jcomapi.obj
         .\build\renderer_release\jcparam.obj
         .\build\renderer_release\jcphuff.obj
         .\build\renderer_release\jcprepct.obj
         .\build\renderer_release\jcsample.obj
         .\build\renderer_release\jdapimin.obj
         .\build\renderer_release\jdapistd.obj
         .\build\renderer_release\jdatasrc.obj
         .\build\renderer_release\jdcoefct.obj
         .\build\renderer_release\jdcolor.obj
         .\build\renderer_release\jddctmgr.obj
         .\build\renderer_release\jdhuff.obj
         .\build\renderer_release\jdinput.obj
         .\build\renderer_release\jdmainct.obj
         .\build\renderer_release\jdmarker.obj
         .\build\renderer_release\jdmaster.obj
         .\build\renderer_release\jdpostct.obj
         .\build\renderer_release\jdsample.obj
         .\build\renderer_release\jdtrans.obj
         .\build\renderer_release\jerror.obj
         .\build\renderer_release\jfdctflt.obj
         .\build\renderer_release\jidctflt.obj
         .\build\renderer_release\jmemmgr.obj
         .\build\renderer_release\jmemnobs.obj
         .\build\renderer_release\jutils.obj
         renderer.vcxproj -> C:\msys\1.0\ioq3-for-UrbanTerror-4\code\win32\msvc\.\build\renderer_release\renderer.lib
       FinalizeBuildStatus:
         Deleting file ".\build\renderer_release\renderer.unsuccessfulbuild".
         Touching ".\build\renderer_release\renderer.lastbuildstate".
     1>Done Building Project "C:\msys\1.0\ioq3-for-UrbanTerror-4\code\win32\msvc\renderer.vcxproj" (build target(s)).

Build succeeded.

Time Elapsed 00:00:14.57
